-------------------------------------------------------------------------------
Test set: com.bank.BankingSystemTest
-------------------------------------------------------------------------------
Tests run: 5, Failures: 0, Errors: 5, Skipped: 0, Time elapsed: 0.427 s <<< FAILURE! -- in com.bank.BankingSystemTest
com.bank.BankingSystemTest.testTransferMovesFundsBetweenAccounts -- Time elapsed: 0.335 s <<< ERROR!
java.lang.UnsupportedOperationException: Unimplemented method 'log'
	at com.bank.repository.AccountRepository.log(AccountRepository.java:42)
	at com.bank.service.DepositService.deposit(DepositService.java:30)
	at com.bank.BankingSystemTest.testTransferMovesFundsBetweenAccounts(BankingSystemTest.java:73)
	at java.base/java.lang.reflect.Method.invoke(Method.java:568)
	at java.base/java.util.ArrayList.forEach(ArrayList.java:1511)
	at java.base/java.util.ArrayList.forEach(ArrayList.java:1511)

com.bank.BankingSystemTest.testDepositIncreasesBalance -- Time elapsed: 0.021 s <<< ERROR!
java.lang.UnsupportedOperationException: Unimplemented method 'log'
	at com.bank.repository.AccountRepository.log(AccountRepository.java:42)
	at com.bank.service.DepositService.deposit(DepositService.java:30)
	at com.bank.BankingSystemTest.testDepositIncreasesBalance(BankingSystemTest.java:52)
	at java.base/java.lang.reflect.Method.invoke(Method.java:568)
	at java.base/java.util.ArrayList.forEach(ArrayList.java:1511)
	at java.base/java.util.ArrayList.forEach(ArrayList.java:1511)

com.bank.BankingSystemTest.testWithdrawDecreasesBalance -- Time elapsed: 0.016 s <<< ERROR!
java.lang.UnsupportedOperationException: Unimplemented method 'log'
	at com.bank.repository.AccountRepository.log(AccountRepository.java:42)
	at com.bank.service.DepositService.deposit(DepositService.java:30)
	at com.bank.BankingSystemTest.testWithdrawDecreasesBalance(BankingSystemTest.java:58)
	at java.base/java.lang.reflect.Method.invoke(Method.java:568)
	at java.base/java.util.ArrayList.forEach(ArrayList.java:1511)
	at java.base/java.util.ArrayList.forEach(ArrayList.java:1511)

com.bank.BankingSystemTest.testTransferFailsIfInsufficientFunds -- Time elapsed: 0.013 s <<< ERROR!
java.lang.UnsupportedOperationException: Unimplemented method 'log'
	at com.bank.repository.AccountRepository.log(AccountRepository.java:42)
	at com.bank.service.DepositService.deposit(DepositService.java:30)
	at com.bank.BankingSystemTest.testTransferFailsIfInsufficientFunds(BankingSystemTest.java:82)
	at java.base/java.lang.reflect.Method.invoke(Method.java:568)
	at java.base/java.util.ArrayList.forEach(ArrayList.java:1511)
	at java.base/java.util.ArrayList.forEach(ArrayList.java:1511)

com.bank.BankingSystemTest.testWithdrawFailsIfInsufficientFunds -- Time elapsed: 0.013 s <<< ERROR!
java.lang.UnsupportedOperationException: Unimplemented method 'log'
	at com.bank.repository.AccountRepository.log(AccountRepository.java:42)
	at com.bank.service.DepositService.deposit(DepositService.java:30)
	at com.bank.BankingSystemTest.testWithdrawFailsIfInsufficientFunds(BankingSystemTest.java:65)
	at java.base/java.lang.reflect.Method.invoke(Method.java:568)
	at java.base/java.util.ArrayList.forEach(ArrayList.java:1511)
	at java.base/java.util.ArrayList.forEach(ArrayList.java:1511)

