<?xml version="1.0" encoding="UTF-8"?>
<testsuite xmlns:xsi="http://www.w3.org/2001/XMLSchema-instance" xsi:noNamespaceSchemaLocation="https://maven.apache.org/surefire/maven-surefire-plugin/xsd/surefire-test-report-3.0.xsd" version="3.0" name="com.bank.BankingSystemTest" time="0.118" tests="5" errors="0" skipped="0" failures="0">
  <properties>
[...]
</properties>
  <testcase name="testTransferMovesFundsBetweenAccounts" classname="com.bank.BankingSystemTest" time="0.09">
    <system-out><![CDATA[AUDIT: [2025-09-14T12:49:52.736893500] Alice performed DEPOSIT | Before: 0 After: 400
AUDIT: [2025-09-14T12:49:52.737891800] Alice performed TRANSFER-DEBIT | Before: 400 After: 250
AUDIT: [2025-09-14T12:49:52.737891800] Alice performed TRANSFER-CREDIT | Before: 0 After: 150
]]></system-out>
  </testcase>
  <testcase name="testDepositIncreasesBalance" classname="com.bank.BankingSystemTest" time="0.001">
    <system-out><![CDATA[AUDIT: [2025-09-14T12:49:52.753416500] Alice performed DEPOSIT | Before: 0 After: 500
]]></system-out>
  </testcase>
  <testcase name="testWithdrawDecreasesBalance" classname="com.bank.BankingSystemTest" time="0.001">
    <system-out><![CDATA[AUDIT: [2025-09-14T12:49:52.755932200] Alice performed DEPOSIT | Before: 0 After: 300
AUDIT: [2025-09-14T12:49:52.755932200] Alice performed WITHDRAW | Before: 300 After: 200
]]></system-out>
  </testcase>
  <testcase name="testTransferFailsIfInsufficientFunds" classname="com.bank.BankingSystemTest" time="0.001">
    <system-out><![CDATA[AUDIT: [2025-09-14T12:49:52.756932400] Alice performed DEPOSIT | Before: 0 After: 100
AUDIT: [2025-09-14T12:49:52.757932600] Alice performed TRANSFER-FAILED | Before: 100 After: 100
]]></system-out>
  </testcase>
  <testcase name="testWithdrawFailsIfInsufficientFunds" classname="com.bank.BankingSystemTest" time="0.002">
    <system-out><![CDATA[AUDIT: [2025-09-14T12:49:52.758932500] Alice performed DEPOSIT | Before: 0 After: 50
AUDIT: [2025-09-14T12:49:52.758932500] Alice performed WITHDRAW-FAILED | Before: 50 After: 50
]]></system-out>
  </testcase>
</testsuite>